<?xml version="1.0" encoding="UTF-8"?>
<!-- Generated by org.testng.reporters.JUnitReportReporter -->
<testsuite hostname="Home" failures="0" tests="3" name="com.tutorials.qa.testcases.SearchTest" time="27.723" errors="0" timestamp="2023-10-28T13:32:43 IST" skipped="0">
  <testcase classname="com.tutorials.qa.testcases.SearchTest" name="verifySearchWithValidProduct" time="7.479"/>
  <testcase classname="com.tutorials.qa.testcases.SearchTest" name="verifySearchWithinvalidProduct" time="11.605"/>
  <testcase classname="com.tutorials.qa.testcases.SearchTest" name="verifySearchWithoutAnyProduct" time="8.639"/>
</testsuite> <!-- com.tutorials.qa.testcases.SearchTest -->
