<?xml version="1.0" encoding="UTF-8"?>
<!-- Generated by org.testng.reporters.JUnitReportReporter -->
<testsuite hostname="Home" failures="0" tests="3" name="com.tutorials.qa.testcases.SearchTest" time="40.352" errors="0" timestamp="2023-10-28T15:07:16 IST" skipped="0">
  <testcase classname="com.tutorials.qa.testcases.SearchTest" name="verifySearchWithValidProduct" time="20.620"/>
  <testcase classname="com.tutorials.qa.testcases.SearchTest" name="verifySearchWithinvalidProduct" time="10.382"/>
  <testcase classname="com.tutorials.qa.testcases.SearchTest" name="verifySearchWithoutAnyProduct" time="9.350"/>
</testsuite> <!-- com.tutorials.qa.testcases.SearchTest -->
